Drill report for nascontrol.kicad_pcb
Created on Fri Jan 20 09:08:56 2023

Copper Layer Stackup:
    =============================================================
    L1 :  F.Cu                      front
    L2 :  In1.Cu                    in1
    L3 :  In2.Cu                    in2
    L4 :  B.Cu                      back


Drill file 'nascontrol-PTH.drl' contains
    plated through holes:
    =============================================================
    T1  0.400mm  0.0157"  (77 holes)
    T2  0.762mm  0.0300"  (7 holes)
    T3  0.800mm  0.0315"  (6 holes)
    T4  0.890mm  0.0350"  (1 hole)
    T5  0.950mm  0.0374"  (8 holes)
    T6  0.990mm  0.0390"  (2 holes)
    T7  1.000mm  0.0394"  (12 holes)
    T8  1.300mm  0.0512"  (2 holes)
    T9  1.500mm  0.0591"  (20 holes)
    T10  1.550mm  0.0610"  (20 holes)
    T11  1.570mm  0.0618"  (2 holes)
    T12  2.100mm  0.0827"  (15 holes)
    T13  2.300mm  0.0906"  (4 holes)
    T14  3.200mm  0.1260"  (10 holes)

    Total plated holes count 186


Drill file 'nascontrol-NPTH.drl' contains
    unplated through holes:
    =============================================================
    T1  0.991mm  0.0390"  (3 holes)
    T2  2.375mm  0.0935"  (4 holes)
    T3  3.250mm  0.1280"  (2 holes)
    T4  3.500mm  0.1378"  (15 holes)

    Total unplated holes count 24
